2019-05-20 17:05:36.812  INFO 5444 --- [http-nio-8080-exec-5] M.H.interceptors.ProgrammerInterceptor   : PreHandle intercepted
2019-05-20 17:05:36.833  INFO 5444 --- [http-nio-8080-exec-5] M.H.interceptors.ProgrammerInterceptor   : PostHandle intercepted
2019-05-20 17:05:36.862  INFO 5444 --- [http-nio-8080-exec-5] M.H.interceptors.ProgrammerInterceptor   : afterCompletion message
2019-05-20 17:05:36.895  INFO 5444 --- [http-nio-8080-exec-6] M.H.interceptors.ProgrammerInterceptor   : PreHandle intercepted
2019-05-20 17:05:36.898  INFO 5444 --- [http-nio-8080-exec-6] M.H.interceptors.ProgrammerInterceptor   : PostHandle intercepted
2019-05-20 17:05:36.898  INFO 5444 --- [http-nio-8080-exec-6] M.H.interceptors.ProgrammerInterceptor   : afterCompletion message
2019-05-20 17:05:50.807  INFO 5444 --- [http-nio-8080-exec-8] M.H.interceptors.ProgrammerInterceptor   : PreHandle intercepted
2019-05-20 17:05:54.124 DEBUG 5444 --- [http-nio-8080-exec-8] o.h.e.t.internal.TransactionImpl         : On TransactionImpl creation, JpaCompliance#isJpaTransactionComplianceEnabled == false
2019-05-20 17:05:54.124 DEBUG 5444 --- [http-nio-8080-exec-8] o.h.e.t.internal.TransactionImpl         : begin
2019-05-20 17:05:54.136 DEBUG 5444 --- [http-nio-8080-exec-8] org.hibernate.engine.spi.ActionQueue     : Executing identity-insert immediately
2019-05-20 17:05:54.184 DEBUG 5444 --- [http-nio-8080-exec-8] org.hibernate.SQL                        : insert into programmers (created_date, birthday, email, name, surname) values (?, ?, ?, ?, ?)
2019-05-20 17:05:54.206 DEBUG 5444 --- [http-nio-8080-exec-8] o.h.id.IdentifierGeneratorHelper         : Natively generated identity: 69
2019-05-20 17:05:54.206 DEBUG 5444 --- [http-nio-8080-exec-8] o.h.r.j.i.ResourceRegistryStandardImpl   : HHH000387: ResultSet's statement was not registered
2019-05-20 17:05:54.208 DEBUG 5444 --- [http-nio-8080-exec-8] o.h.e.t.internal.TransactionImpl         : committing
2019-05-20 17:05:54.208 DEBUG 5444 --- [http-nio-8080-exec-8] o.h.e.i.AbstractFlushingEventListener    : Processing flush-time cascades
2019-05-20 17:05:54.208 DEBUG 5444 --- [http-nio-8080-exec-8] o.h.e.i.AbstractFlushingEventListener    : Dirty checking collections
2019-05-20 17:05:54.210 DEBUG 5444 --- [http-nio-8080-exec-8] o.h.e.i.AbstractFlushingEventListener    : Flushed: 0 insertions, 0 updates, 0 deletions to 1 objects
2019-05-20 17:05:54.210 DEBUG 5444 --- [http-nio-8080-exec-8] o.h.e.i.AbstractFlushingEventListener    : Flushed: 0 (re)creations, 0 updates, 0 removals to 0 collections
2019-05-20 17:05:54.211 DEBUG 5444 --- [http-nio-8080-exec-8] o.hibernate.internal.util.EntityPrinter  : Listing entities:
2019-05-20 17:05:54.211 DEBUG 5444 --- [http-nio-8080-exec-8] o.hibernate.internal.util.EntityPrinter  : MateAcad.HomeWork20MVC.entities.Programmer{birthDay=1984-01-02, createdDate=1558361154129, surName=aaa, name=aaa, id=69, email=aaa@bbb.net}
2019-05-20 17:05:54.227  INFO 5444 --- [http-nio-8080-exec-8] M.H.interceptors.ProgrammerInterceptor   : PostHandle intercepted
2019-05-20 17:05:54.234  INFO 5444 --- [http-nio-8080-exec-8] M.H.interceptors.ProgrammerInterceptor   : afterCompletion message
2019-05-20 17:05:54.239  INFO 5444 --- [http-nio-8080-exec-9] M.H.interceptors.ProgrammerInterceptor   : PreHandle intercepted
2019-05-20 17:05:54.240 DEBUG 5444 --- [http-nio-8080-exec-9] o.h.e.t.internal.TransactionImpl         : On TransactionImpl creation, JpaCompliance#isJpaTransactionComplianceEnabled == false
2019-05-20 17:05:54.240 DEBUG 5444 --- [http-nio-8080-exec-9] o.h.e.t.internal.TransactionImpl         : begin
2019-05-20 17:05:54.241 DEBUG 5444 --- [http-nio-8080-exec-9] o.h.q.c.internal.CriteriaQueryImpl       : Rendered criteria query -> select generatedAlias0 from Programmer as generatedAlias0
2019-05-20 17:05:54.241 DEBUG 5444 --- [http-nio-8080-exec-9] org.hibernate.SQL                        : select programmer0_.id as id1_0_, programmer0_.created_date as created_2_0_, programmer0_.birthday as birthday3_0_, programmer0_.email as email4_0_, programmer0_.name as name5_0_, programmer0_.surname as surname6_0_ from programmers programmer0_
2019-05-20 17:05:54.242 DEBUG 5444 --- [http-nio-8080-exec-9] org.hibernate.loader.Loader              : Result set row: 0
2019-05-20 17:05:54.242 DEBUG 5444 --- [http-nio-8080-exec-9] org.hibernate.loader.Loader              : Result row: EntityKey[MateAcad.HomeWork20MVC.entities.Programmer#8]
2019-05-20 17:05:54.242 DEBUG 5444 --- [http-nio-8080-exec-9] org.hibernate.loader.Loader              : Result set row: 1
2019-05-20 17:05:54.242 DEBUG 5444 --- [http-nio-8080-exec-9] org.hibernate.loader.Loader              : Result row: EntityKey[MateAcad.HomeWork20MVC.entities.Programmer#9]
2019-05-20 17:05:54.243 DEBUG 5444 --- [http-nio-8080-exec-9] org.hibernate.loader.Loader              : Result set row: 2
2019-05-20 17:05:54.243 DEBUG 5444 --- [http-nio-8080-exec-9] org.hibernate.loader.Loader              : Result row: EntityKey[MateAcad.HomeWork20MVC.entities.Programmer#10]
2019-05-20 17:05:54.243 DEBUG 5444 --- [http-nio-8080-exec-9] org.hibernate.loader.Loader              : Result set row: 3
2019-05-20 17:05:54.243 DEBUG 5444 --- [http-nio-8080-exec-9] org.hibernate.loader.Loader              : Result row: EntityKey[MateAcad.HomeWork20MVC.entities.Programmer#23]
2019-05-20 17:05:54.243 DEBUG 5444 --- [http-nio-8080-exec-9] org.hibernate.loader.Loader              : Result set row: 4
2019-05-20 17:05:54.243 DEBUG 5444 --- [http-nio-8080-exec-9] org.hibernate.loader.Loader              : Result row: EntityKey[MateAcad.HomeWork20MVC.entities.Programmer#47]
2019-05-20 17:05:54.243 DEBUG 5444 --- [http-nio-8080-exec-9] org.hibernate.loader.Loader              : Result set row: 5
2019-05-20 17:05:54.244 DEBUG 5444 --- [http-nio-8080-exec-9] org.hibernate.loader.Loader              : Result row: EntityKey[MateAcad.HomeWork20MVC.entities.Programmer#48]
2019-05-20 17:05:54.244 DEBUG 5444 --- [http-nio-8080-exec-9] org.hibernate.loader.Loader              : Result set row: 6
2019-05-20 17:05:54.244 DEBUG 5444 --- [http-nio-8080-exec-9] org.hibernate.loader.Loader              : Result row: EntityKey[MateAcad.HomeWork20MVC.entities.Programmer#54]
2019-05-20 17:05:54.244 DEBUG 5444 --- [http-nio-8080-exec-9] org.hibernate.loader.Loader              : Result set row: 7
2019-05-20 17:05:54.244 DEBUG 5444 --- [http-nio-8080-exec-9] org.hibernate.loader.Loader              : Result row: EntityKey[MateAcad.HomeWork20MVC.entities.Programmer#61]
2019-05-20 17:05:54.244 DEBUG 5444 --- [http-nio-8080-exec-9] org.hibernate.loader.Loader              : Result set row: 8
2019-05-20 17:05:54.244 DEBUG 5444 --- [http-nio-8080-exec-9] org.hibernate.loader.Loader              : Result row: EntityKey[MateAcad.HomeWork20MVC.entities.Programmer#62]
2019-05-20 17:05:54.244 DEBUG 5444 --- [http-nio-8080-exec-9] org.hibernate.loader.Loader              : Result set row: 9
2019-05-20 17:05:54.244 DEBUG 5444 --- [http-nio-8080-exec-9] org.hibernate.loader.Loader              : Result row: EntityKey[MateAcad.HomeWork20MVC.entities.Programmer#64]
2019-05-20 17:05:54.245 DEBUG 5444 --- [http-nio-8080-exec-9] org.hibernate.loader.Loader              : Result set row: 10
2019-05-20 17:05:54.245 DEBUG 5444 --- [http-nio-8080-exec-9] org.hibernate.loader.Loader              : Result row: EntityKey[MateAcad.HomeWork20MVC.entities.Programmer#65]
2019-05-20 17:05:54.245 DEBUG 5444 --- [http-nio-8080-exec-9] org.hibernate.loader.Loader              : Result set row: 11
2019-05-20 17:05:54.245 DEBUG 5444 --- [http-nio-8080-exec-9] org.hibernate.loader.Loader              : Result row: EntityKey[MateAcad.HomeWork20MVC.entities.Programmer#66]
2019-05-20 17:05:54.245 DEBUG 5444 --- [http-nio-8080-exec-9] org.hibernate.loader.Loader              : Result set row: 12
2019-05-20 17:05:54.245 DEBUG 5444 --- [http-nio-8080-exec-9] org.hibernate.loader.Loader              : Result row: EntityKey[MateAcad.HomeWork20MVC.entities.Programmer#68]
2019-05-20 17:05:54.245 DEBUG 5444 --- [http-nio-8080-exec-9] org.hibernate.loader.Loader              : Result set row: 13
2019-05-20 17:05:54.245 DEBUG 5444 --- [http-nio-8080-exec-9] org.hibernate.loader.Loader              : Result row: EntityKey[MateAcad.HomeWork20MVC.entities.Programmer#69]
2019-05-20 17:05:54.246 DEBUG 5444 --- [http-nio-8080-exec-9] o.h.engine.internal.TwoPhaseLoad         : Resolving associations for [MateAcad.HomeWork20MVC.entities.Programmer#8]
2019-05-20 17:05:54.246 DEBUG 5444 --- [http-nio-8080-exec-9] o.h.engine.internal.TwoPhaseLoad         : Done materializing entity [MateAcad.HomeWork20MVC.entities.Programmer#8]
2019-05-20 17:05:54.246 DEBUG 5444 --- [http-nio-8080-exec-9] o.h.engine.internal.TwoPhaseLoad         : Resolving associations for [MateAcad.HomeWork20MVC.entities.Programmer#9]
2019-05-20 17:05:54.246 DEBUG 5444 --- [http-nio-8080-exec-9] o.h.engine.internal.TwoPhaseLoad         : Done materializing entity [MateAcad.HomeWork20MVC.entities.Programmer#9]
2019-05-20 17:05:54.246 DEBUG 5444 --- [http-nio-8080-exec-9] o.h.engine.internal.TwoPhaseLoad         : Resolving associations for [MateAcad.HomeWork20MVC.entities.Programmer#10]
2019-05-20 17:05:54.246 DEBUG 5444 --- [http-nio-8080-exec-9] o.h.engine.internal.TwoPhaseLoad         : Done materializing entity [MateAcad.HomeWork20MVC.entities.Programmer#10]
2019-05-20 17:05:54.246 DEBUG 5444 --- [http-nio-8080-exec-9] o.h.engine.internal.TwoPhaseLoad         : Resolving associations for [MateAcad.HomeWork20MVC.entities.Programmer#23]
2019-05-20 17:05:54.246 DEBUG 5444 --- [http-nio-8080-exec-9] o.h.engine.internal.TwoPhaseLoad         : Done materializing entity [MateAcad.HomeWork20MVC.entities.Programmer#23]
2019-05-20 17:05:54.246 DEBUG 5444 --- [http-nio-8080-exec-9] o.h.engine.internal.TwoPhaseLoad         : Resolving associations for [MateAcad.HomeWork20MVC.entities.Programmer#47]
2019-05-20 17:05:54.246 DEBUG 5444 --- [http-nio-8080-exec-9] o.h.engine.internal.TwoPhaseLoad         : Done materializing entity [MateAcad.HomeWork20MVC.entities.Programmer#47]
2019-05-20 17:05:54.246 DEBUG 5444 --- [http-nio-8080-exec-9] o.h.engine.internal.TwoPhaseLoad         : Resolving associations for [MateAcad.HomeWork20MVC.entities.Programmer#48]
2019-05-20 17:05:54.246 DEBUG 5444 --- [http-nio-8080-exec-9] o.h.engine.internal.TwoPhaseLoad         : Done materializing entity [MateAcad.HomeWork20MVC.entities.Programmer#48]
2019-05-20 17:05:54.246 DEBUG 5444 --- [http-nio-8080-exec-9] o.h.engine.internal.TwoPhaseLoad         : Resolving associations for [MateAcad.HomeWork20MVC.entities.Programmer#54]
2019-05-20 17:05:54.246 DEBUG 5444 --- [http-nio-8080-exec-9] o.h.engine.internal.TwoPhaseLoad         : Done materializing entity [MateAcad.HomeWork20MVC.entities.Programmer#54]
2019-05-20 17:05:54.246 DEBUG 5444 --- [http-nio-8080-exec-9] o.h.engine.internal.TwoPhaseLoad         : Resolving associations for [MateAcad.HomeWork20MVC.entities.Programmer#61]
2019-05-20 17:05:54.246 DEBUG 5444 --- [http-nio-8080-exec-9] o.h.engine.internal.TwoPhaseLoad         : Done materializing entity [MateAcad.HomeWork20MVC.entities.Programmer#61]
2019-05-20 17:05:54.246 DEBUG 5444 --- [http-nio-8080-exec-9] o.h.engine.internal.TwoPhaseLoad         : Resolving associations for [MateAcad.HomeWork20MVC.entities.Programmer#62]
2019-05-20 17:05:54.247 DEBUG 5444 --- [http-nio-8080-exec-9] o.h.engine.internal.TwoPhaseLoad         : Done materializing entity [MateAcad.HomeWork20MVC.entities.Programmer#62]
2019-05-20 17:05:54.247 DEBUG 5444 --- [http-nio-8080-exec-9] o.h.engine.internal.TwoPhaseLoad         : Resolving associations for [MateAcad.HomeWork20MVC.entities.Programmer#64]
2019-05-20 17:05:54.247 DEBUG 5444 --- [http-nio-8080-exec-9] o.h.engine.internal.TwoPhaseLoad         : Done materializing entity [MateAcad.HomeWork20MVC.entities.Programmer#64]
2019-05-20 17:05:54.247 DEBUG 5444 --- [http-nio-8080-exec-9] o.h.engine.internal.TwoPhaseLoad         : Resolving associations for [MateAcad.HomeWork20MVC.entities.Programmer#65]
2019-05-20 17:05:54.247 DEBUG 5444 --- [http-nio-8080-exec-9] o.h.engine.internal.TwoPhaseLoad         : Done materializing entity [MateAcad.HomeWork20MVC.entities.Programmer#65]
2019-05-20 17:05:54.247 DEBUG 5444 --- [http-nio-8080-exec-9] o.h.engine.internal.TwoPhaseLoad         : Resolving associations for [MateAcad.HomeWork20MVC.entities.Programmer#66]
2019-05-20 17:05:54.247 DEBUG 5444 --- [http-nio-8080-exec-9] o.h.engine.internal.TwoPhaseLoad         : Done materializing entity [MateAcad.HomeWork20MVC.entities.Programmer#66]
2019-05-20 17:05:54.247 DEBUG 5444 --- [http-nio-8080-exec-9] o.h.engine.internal.TwoPhaseLoad         : Resolving associations for [MateAcad.HomeWork20MVC.entities.Programmer#68]
2019-05-20 17:05:54.247 DEBUG 5444 --- [http-nio-8080-exec-9] o.h.engine.internal.TwoPhaseLoad         : Done materializing entity [MateAcad.HomeWork20MVC.entities.Programmer#68]
2019-05-20 17:05:54.247 DEBUG 5444 --- [http-nio-8080-exec-9] o.h.engine.internal.TwoPhaseLoad         : Resolving associations for [MateAcad.HomeWork20MVC.entities.Programmer#69]
2019-05-20 17:05:54.247 DEBUG 5444 --- [http-nio-8080-exec-9] o.h.engine.internal.TwoPhaseLoad         : Done materializing entity [MateAcad.HomeWork20MVC.entities.Programmer#69]
2019-05-20 17:05:54.247 DEBUG 5444 --- [http-nio-8080-exec-9] o.h.e.t.internal.TransactionImpl         : committing
2019-05-20 17:05:54.249  INFO 5444 --- [http-nio-8080-exec-9] M.H.interceptors.ProgrammerInterceptor   : PostHandle intercepted
2019-05-20 17:05:54.265  INFO 5444 --- [http-nio-8080-exec-9] M.H.interceptors.ProgrammerInterceptor   : afterCompletion message
2019-05-20 17:05:54.392  INFO 5444 --- [http-nio-8080-exec-10] M.H.interceptors.ProgrammerInterceptor   : PreHandle intercepted
2019-05-20 17:05:54.397  INFO 5444 --- [http-nio-8080-exec-10] M.H.interceptors.ProgrammerInterceptor   : PostHandle intercepted
2019-05-20 17:05:54.398  INFO 5444 --- [http-nio-8080-exec-10] M.H.interceptors.ProgrammerInterceptor   : afterCompletion message
2019-05-20 17:05:59.545  INFO 5444 --- [http-nio-8080-exec-1] M.H.interceptors.ProgrammerInterceptor   : PreHandle intercepted
2019-05-20 17:05:59.553 DEBUG 5444 --- [http-nio-8080-exec-1] o.h.e.t.internal.TransactionImpl         : On TransactionImpl creation, JpaCompliance#isJpaTransactionComplianceEnabled == false
2019-05-20 17:05:59.553 DEBUG 5444 --- [http-nio-8080-exec-1] o.h.e.t.internal.TransactionImpl         : begin
2019-05-20 17:05:59.557 DEBUG 5444 --- [http-nio-8080-exec-1] org.hibernate.SQL                        : select programmer0_.id as id1_0_0_, programmer0_.created_date as created_2_0_0_, programmer0_.birthday as birthday3_0_0_, programmer0_.email as email4_0_0_, programmer0_.name as name5_0_0_, programmer0_.surname as surname6_0_0_ from programmers programmer0_ where programmer0_.id=?
2019-05-20 17:05:59.561 DEBUG 5444 --- [http-nio-8080-exec-1] o.h.l.p.e.p.i.ResultSetProcessorImpl     : Starting ResultSet row #0
2019-05-20 17:05:59.562 DEBUG 5444 --- [http-nio-8080-exec-1] l.p.e.p.i.EntityReferenceInitializerImpl : On call to EntityIdentifierReaderImpl#resolve, EntityKey was already known; should only happen on root returns with an optional identifier specified
2019-05-20 17:05:59.564 DEBUG 5444 --- [http-nio-8080-exec-1] o.h.engine.internal.TwoPhaseLoad         : Resolving associations for [MateAcad.HomeWork20MVC.entities.Programmer#69]
2019-05-20 17:05:59.564 DEBUG 5444 --- [http-nio-8080-exec-1] o.h.engine.internal.TwoPhaseLoad         : Done materializing entity [MateAcad.HomeWork20MVC.entities.Programmer#69]
2019-05-20 17:05:59.565 DEBUG 5444 --- [http-nio-8080-exec-1] o.h.r.j.i.ResourceRegistryStandardImpl   : HHH000387: ResultSet's statement was not registered
2019-05-20 17:05:59.565 DEBUG 5444 --- [http-nio-8080-exec-1] .l.e.p.AbstractLoadPlanBasedEntityLoader : Done entity load : MateAcad.HomeWork20MVC.entities.Programmer#69
2019-05-20 17:05:59.565 DEBUG 5444 --- [http-nio-8080-exec-1] o.h.e.t.internal.TransactionImpl         : committing
2019-05-20 17:06:05.978  INFO 5444 --- [http-nio-8080-exec-1] M.H.interceptors.ProgrammerInterceptor   : PostHandle intercepted
2019-05-20 17:06:05.979  INFO 5444 --- [http-nio-8080-exec-3] M.H.interceptors.ProgrammerInterceptor   : PreHandle intercepted
2019-05-20 17:06:05.981 DEBUG 5444 --- [http-nio-8080-exec-3] o.h.e.t.internal.TransactionImpl         : On TransactionImpl creation, JpaCompliance#isJpaTransactionComplianceEnabled == false
2019-05-20 17:06:05.981 DEBUG 5444 --- [http-nio-8080-exec-3] o.h.e.t.internal.TransactionImpl         : begin
2019-05-20 17:06:05.982 DEBUG 5444 --- [http-nio-8080-exec-3] org.hibernate.SQL                        : select programmer0_.id as id1_0_0_, programmer0_.created_date as created_2_0_0_, programmer0_.birthday as birthday3_0_0_, programmer0_.email as email4_0_0_, programmer0_.name as name5_0_0_, programmer0_.surname as surname6_0_0_ from programmers programmer0_ where programmer0_.id=?
2019-05-20 17:06:05.984 DEBUG 5444 --- [http-nio-8080-exec-3] o.h.l.p.e.p.i.ResultSetProcessorImpl     : Starting ResultSet row #0
2019-05-20 17:06:05.984 DEBUG 5444 --- [http-nio-8080-exec-3] l.p.e.p.i.EntityReferenceInitializerImpl : On call to EntityIdentifierReaderImpl#resolve, EntityKey was already known; should only happen on root returns with an optional identifier specified
2019-05-20 17:06:05.984 DEBUG 5444 --- [http-nio-8080-exec-3] o.h.engine.internal.TwoPhaseLoad         : Resolving associations for [MateAcad.HomeWork20MVC.entities.Programmer#69]
2019-05-20 17:06:05.984 DEBUG 5444 --- [http-nio-8080-exec-3] o.h.engine.internal.TwoPhaseLoad         : Done materializing entity [MateAcad.HomeWork20MVC.entities.Programmer#69]
2019-05-20 17:06:05.985 DEBUG 5444 --- [http-nio-8080-exec-3] o.h.r.j.i.ResourceRegistryStandardImpl   : HHH000387: ResultSet's statement was not registered
2019-05-20 17:06:05.985 DEBUG 5444 --- [http-nio-8080-exec-3] .l.e.p.AbstractLoadPlanBasedEntityLoader : Done entity load : MateAcad.HomeWork20MVC.entities.Programmer#69
2019-05-20 17:06:05.985 DEBUG 5444 --- [http-nio-8080-exec-3] o.h.e.t.internal.TransactionImpl         : committing
2019-05-20 17:06:07.383  INFO 5444 --- [http-nio-8080-exec-1] M.H.interceptors.ProgrammerInterceptor   : afterCompletion message
2019-05-20 17:06:07.388  INFO 5444 --- [http-nio-8080-exec-3] M.H.interceptors.ProgrammerInterceptor   : PostHandle intercepted
2019-05-20 17:06:07.400  INFO 5444 --- [http-nio-8080-exec-3] M.H.interceptors.ProgrammerInterceptor   : afterCompletion message
2019-05-20 17:06:07.429  INFO 5444 --- [http-nio-8080-exec-4] M.H.interceptors.ProgrammerInterceptor   : PreHandle intercepted
2019-05-20 17:06:07.433  INFO 5444 --- [http-nio-8080-exec-4] M.H.interceptors.ProgrammerInterceptor   : PostHandle intercepted
2019-05-20 17:06:07.434  INFO 5444 --- [http-nio-8080-exec-4] M.H.interceptors.ProgrammerInterceptor   : afterCompletion message
2019-05-20 17:06:12.723  INFO 5444 --- [http-nio-8080-exec-5] M.H.interceptors.ProgrammerInterceptor   : PreHandle intercepted
2019-05-20 17:06:15.184 DEBUG 5444 --- [http-nio-8080-exec-5] o.h.e.t.internal.TransactionImpl         : On TransactionImpl creation, JpaCompliance#isJpaTransactionComplianceEnabled == false
2019-05-20 17:06:15.185 DEBUG 5444 --- [http-nio-8080-exec-5] o.h.e.t.internal.TransactionImpl         : begin
2019-05-20 17:06:15.190 DEBUG 5444 --- [http-nio-8080-exec-5] o.h.e.i.DefaultMergeEventListener        : EntityCopyObserver strategy: disallow
2019-05-20 17:06:15.195 DEBUG 5444 --- [http-nio-8080-exec-5] org.hibernate.loader.Loader              : Loading entity: [MateAcad.HomeWork20MVC.entities.Programmer#69]
2019-05-20 17:06:15.195 DEBUG 5444 --- [http-nio-8080-exec-5] org.hibernate.SQL                        : select programmer0_.id as id1_0_0_, programmer0_.created_date as created_2_0_0_, programmer0_.birthday as birthday3_0_0_, programmer0_.email as email4_0_0_, programmer0_.name as name5_0_0_, programmer0_.surname as surname6_0_0_ from programmers programmer0_ where programmer0_.id=?
2019-05-20 17:06:15.196 DEBUG 5444 --- [http-nio-8080-exec-5] org.hibernate.loader.Loader              : Result set row: 0
2019-05-20 17:06:15.197 DEBUG 5444 --- [http-nio-8080-exec-5] org.hibernate.loader.Loader              : Result row: EntityKey[MateAcad.HomeWork20MVC.entities.Programmer#69]
2019-05-20 17:06:15.197 DEBUG 5444 --- [http-nio-8080-exec-5] o.h.engine.internal.TwoPhaseLoad         : Resolving associations for [MateAcad.HomeWork20MVC.entities.Programmer#69]
2019-05-20 17:06:15.197 DEBUG 5444 --- [http-nio-8080-exec-5] o.h.engine.internal.TwoPhaseLoad         : Done materializing entity [MateAcad.HomeWork20MVC.entities.Programmer#69]
2019-05-20 17:06:15.198 DEBUG 5444 --- [http-nio-8080-exec-5] org.hibernate.loader.Loader              : Done entity load
2019-05-20 17:06:15.198 DEBUG 5444 --- [http-nio-8080-exec-5] o.h.e.t.internal.TransactionImpl         : committing
2019-05-20 17:06:15.198 DEBUG 5444 --- [http-nio-8080-exec-5] o.h.e.i.AbstractFlushingEventListener    : Processing flush-time cascades
2019-05-20 17:06:15.198 DEBUG 5444 --- [http-nio-8080-exec-5] o.h.e.i.AbstractFlushingEventListener    : Dirty checking collections
2019-05-20 17:06:15.200 DEBUG 5444 --- [http-nio-8080-exec-5] o.h.e.i.AbstractFlushingEventListener    : Flushed: 0 insertions, 1 updates, 0 deletions to 1 objects
2019-05-20 17:06:15.200 DEBUG 5444 --- [http-nio-8080-exec-5] o.h.e.i.AbstractFlushingEventListener    : Flushed: 0 (re)creations, 0 updates, 0 removals to 0 collections
2019-05-20 17:06:15.200 DEBUG 5444 --- [http-nio-8080-exec-5] o.hibernate.internal.util.EntityPrinter  : Listing entities:
2019-05-20 17:06:15.201 DEBUG 5444 --- [http-nio-8080-exec-5] o.hibernate.internal.util.EntityPrinter  : MateAcad.HomeWork20MVC.entities.Programmer{birthDay=1984-01-02, createdDate=null, surName=aaa, name=aaa, id=69, email=aaa@bbb.net}
2019-05-20 17:06:15.206 DEBUG 5444 --- [http-nio-8080-exec-5] org.hibernate.SQL                        : update programmers set created_date=?, birthday=?, email=?, name=?, surname=? where id=?
2019-05-20 17:06:15.537  INFO 5444 --- [http-nio-8080-exec-5] M.H.interceptors.ProgrammerInterceptor   : PostHandle intercepted
2019-05-20 17:06:15.539  INFO 5444 --- [http-nio-8080-exec-5] M.H.interceptors.ProgrammerInterceptor   : afterCompletion message
2019-05-20 17:06:15.545  INFO 5444 --- [http-nio-8080-exec-7] M.H.interceptors.ProgrammerInterceptor   : PreHandle intercepted
2019-05-20 17:06:15.546 DEBUG 5444 --- [http-nio-8080-exec-7] o.h.e.t.internal.TransactionImpl         : On TransactionImpl creation, JpaCompliance#isJpaTransactionComplianceEnabled == false
2019-05-20 17:06:15.546 DEBUG 5444 --- [http-nio-8080-exec-7] o.h.e.t.internal.TransactionImpl         : begin
2019-05-20 17:06:15.547 DEBUG 5444 --- [http-nio-8080-exec-7] o.h.q.c.internal.CriteriaQueryImpl       : Rendered criteria query -> select generatedAlias0 from Programmer as generatedAlias0
2019-05-20 17:06:15.548 DEBUG 5444 --- [http-nio-8080-exec-7] org.hibernate.SQL                        : select programmer0_.id as id1_0_, programmer0_.created_date as created_2_0_, programmer0_.birthday as birthday3_0_, programmer0_.email as email4_0_, programmer0_.name as name5_0_, programmer0_.surname as surname6_0_ from programmers programmer0_
2019-05-20 17:06:15.549 DEBUG 5444 --- [http-nio-8080-exec-7] org.hibernate.loader.Loader              : Result set row: 0
2019-05-20 17:06:15.549 DEBUG 5444 --- [http-nio-8080-exec-7] org.hibernate.loader.Loader              : Result row: EntityKey[MateAcad.HomeWork20MVC.entities.Programmer#8]
2019-05-20 17:06:15.550 DEBUG 5444 --- [http-nio-8080-exec-7] org.hibernate.loader.Loader              : Result set row: 1
2019-05-20 17:06:15.550 DEBUG 5444 --- [http-nio-8080-exec-7] org.hibernate.loader.Loader              : Result row: EntityKey[MateAcad.HomeWork20MVC.entities.Programmer#9]
2019-05-20 17:06:15.550 DEBUG 5444 --- [http-nio-8080-exec-7] org.hibernate.loader.Loader              : Result set row: 2
2019-05-20 17:06:15.550 DEBUG 5444 --- [http-nio-8080-exec-7] org.hibernate.loader.Loader              : Result row: EntityKey[MateAcad.HomeWork20MVC.entities.Programmer#10]
2019-05-20 17:06:15.550 DEBUG 5444 --- [http-nio-8080-exec-7] org.hibernate.loader.Loader              : Result set row: 3
2019-05-20 17:06:15.550 DEBUG 5444 --- [http-nio-8080-exec-7] org.hibernate.loader.Loader              : Result row: EntityKey[MateAcad.HomeWork20MVC.entities.Programmer#23]
2019-05-20 17:06:15.551 DEBUG 5444 --- [http-nio-8080-exec-7] org.hibernate.loader.Loader              : Result set row: 4
2019-05-20 17:06:15.551 DEBUG 5444 --- [http-nio-8080-exec-7] org.hibernate.loader.Loader              : Result row: EntityKey[MateAcad.HomeWork20MVC.entities.Programmer#47]
2019-05-20 17:06:15.551 DEBUG 5444 --- [http-nio-8080-exec-7] org.hibernate.loader.Loader              : Result set row: 5
2019-05-20 17:06:15.551 DEBUG 5444 --- [http-nio-8080-exec-7] org.hibernate.loader.Loader              : Result row: EntityKey[MateAcad.HomeWork20MVC.entities.Programmer#48]
2019-05-20 17:06:15.551 DEBUG 5444 --- [http-nio-8080-exec-7] org.hibernate.loader.Loader              : Result set row: 6
2019-05-20 17:06:15.551 DEBUG 5444 --- [http-nio-8080-exec-7] org.hibernate.loader.Loader              : Result row: EntityKey[MateAcad.HomeWork20MVC.entities.Programmer#54]
2019-05-20 17:06:15.551 DEBUG 5444 --- [http-nio-8080-exec-7] org.hibernate.loader.Loader              : Result set row: 7
2019-05-20 17:06:15.551 DEBUG 5444 --- [http-nio-8080-exec-7] org.hibernate.loader.Loader              : Result row: EntityKey[MateAcad.HomeWork20MVC.entities.Programmer#61]
2019-05-20 17:06:15.552 DEBUG 5444 --- [http-nio-8080-exec-7] org.hibernate.loader.Loader              : Result set row: 8
2019-05-20 17:06:15.552 DEBUG 5444 --- [http-nio-8080-exec-7] org.hibernate.loader.Loader              : Result row: EntityKey[MateAcad.HomeWork20MVC.entities.Programmer#62]
2019-05-20 17:06:15.552 DEBUG 5444 --- [http-nio-8080-exec-7] org.hibernate.loader.Loader              : Result set row: 9
2019-05-20 17:06:15.552 DEBUG 5444 --- [http-nio-8080-exec-7] org.hibernate.loader.Loader              : Result row: EntityKey[MateAcad.HomeWork20MVC.entities.Programmer#64]
2019-05-20 17:06:15.552 DEBUG 5444 --- [http-nio-8080-exec-7] org.hibernate.loader.Loader              : Result set row: 10
2019-05-20 17:06:15.552 DEBUG 5444 --- [http-nio-8080-exec-7] org.hibernate.loader.Loader              : Result row: EntityKey[MateAcad.HomeWork20MVC.entities.Programmer#65]
2019-05-20 17:06:15.552 DEBUG 5444 --- [http-nio-8080-exec-7] org.hibernate.loader.Loader              : Result set row: 11
2019-05-20 17:06:15.553 DEBUG 5444 --- [http-nio-8080-exec-7] org.hibernate.loader.Loader              : Result row: EntityKey[MateAcad.HomeWork20MVC.entities.Programmer#66]
2019-05-20 17:06:15.553 DEBUG 5444 --- [http-nio-8080-exec-7] org.hibernate.loader.Loader              : Result set row: 12
2019-05-20 17:06:15.553 DEBUG 5444 --- [http-nio-8080-exec-7] org.hibernate.loader.Loader              : Result row: EntityKey[MateAcad.HomeWork20MVC.entities.Programmer#68]
2019-05-20 17:06:15.553 DEBUG 5444 --- [http-nio-8080-exec-7] org.hibernate.loader.Loader              : Result set row: 13
2019-05-20 17:06:15.553 DEBUG 5444 --- [http-nio-8080-exec-7] org.hibernate.loader.Loader              : Result row: EntityKey[MateAcad.HomeWork20MVC.entities.Programmer#69]
2019-05-20 17:06:15.553 DEBUG 5444 --- [http-nio-8080-exec-7] o.h.engine.internal.TwoPhaseLoad         : Resolving associations for [MateAcad.HomeWork20MVC.entities.Programmer#8]
2019-05-20 17:06:15.553 DEBUG 5444 --- [http-nio-8080-exec-7] o.h.engine.internal.TwoPhaseLoad         : Done materializing entity [MateAcad.HomeWork20MVC.entities.Programmer#8]
2019-05-20 17:06:15.553 DEBUG 5444 --- [http-nio-8080-exec-7] o.h.engine.internal.TwoPhaseLoad         : Resolving associations for [MateAcad.HomeWork20MVC.entities.Programmer#9]
2019-05-20 17:06:15.553 DEBUG 5444 --- [http-nio-8080-exec-7] o.h.engine.internal.TwoPhaseLoad         : Done materializing entity [MateAcad.HomeWork20MVC.entities.Programmer#9]
2019-05-20 17:06:15.553 DEBUG 5444 --- [http-nio-8080-exec-7] o.h.engine.internal.TwoPhaseLoad         : Resolving associations for [MateAcad.HomeWork20MVC.entities.Programmer#10]
2019-05-20 17:06:15.553 DEBUG 5444 --- [http-nio-8080-exec-7] o.h.engine.internal.TwoPhaseLoad         : Done materializing entity [MateAcad.HomeWork20MVC.entities.Programmer#10]
2019-05-20 17:06:15.553 DEBUG 5444 --- [http-nio-8080-exec-7] o.h.engine.internal.TwoPhaseLoad         : Resolving associations for [MateAcad.HomeWork20MVC.entities.Programmer#23]
2019-05-20 17:06:15.554 DEBUG 5444 --- [http-nio-8080-exec-7] o.h.engine.internal.TwoPhaseLoad         : Done materializing entity [MateAcad.HomeWork20MVC.entities.Programmer#23]
2019-05-20 17:06:15.554 DEBUG 5444 --- [http-nio-8080-exec-7] o.h.engine.internal.TwoPhaseLoad         : Resolving associations for [MateAcad.HomeWork20MVC.entities.Programmer#47]
2019-05-20 17:06:15.554 DEBUG 5444 --- [http-nio-8080-exec-7] o.h.engine.internal.TwoPhaseLoad         : Done materializing entity [MateAcad.HomeWork20MVC.entities.Programmer#47]
2019-05-20 17:06:15.554 DEBUG 5444 --- [http-nio-8080-exec-7] o.h.engine.internal.TwoPhaseLoad         : Resolving associations for [MateAcad.HomeWork20MVC.entities.Programmer#48]
2019-05-20 17:06:15.554 DEBUG 5444 --- [http-nio-8080-exec-7] o.h.engine.internal.TwoPhaseLoad         : Done materializing entity [MateAcad.HomeWork20MVC.entities.Programmer#48]
2019-05-20 17:06:15.554 DEBUG 5444 --- [http-nio-8080-exec-7] o.h.engine.internal.TwoPhaseLoad         : Resolving associations for [MateAcad.HomeWork20MVC.entities.Programmer#54]
2019-05-20 17:06:15.554 DEBUG 5444 --- [http-nio-8080-exec-7] o.h.engine.internal.TwoPhaseLoad         : Done materializing entity [MateAcad.HomeWork20MVC.entities.Programmer#54]
2019-05-20 17:06:15.554 DEBUG 5444 --- [http-nio-8080-exec-7] o.h.engine.internal.TwoPhaseLoad         : Resolving associations for [MateAcad.HomeWork20MVC.entities.Programmer#61]
2019-05-20 17:06:15.555 DEBUG 5444 --- [http-nio-8080-exec-7] o.h.engine.internal.TwoPhaseLoad         : Done materializing entity [MateAcad.HomeWork20MVC.entities.Programmer#61]
2019-05-20 17:06:15.555 DEBUG 5444 --- [http-nio-8080-exec-7] o.h.engine.internal.TwoPhaseLoad         : Resolving associations for [MateAcad.HomeWork20MVC.entities.Programmer#62]
2019-05-20 17:06:15.555 DEBUG 5444 --- [http-nio-8080-exec-7] o.h.engine.internal.TwoPhaseLoad         : Done materializing entity [MateAcad.HomeWork20MVC.entities.Programmer#62]
2019-05-20 17:06:15.555 DEBUG 5444 --- [http-nio-8080-exec-7] o.h.engine.internal.TwoPhaseLoad         : Resolving associations for [MateAcad.HomeWork20MVC.entities.Programmer#64]
2019-05-20 17:06:15.555 DEBUG 5444 --- [http-nio-8080-exec-7] o.h.engine.internal.TwoPhaseLoad         : Done materializing entity [MateAcad.HomeWork20MVC.entities.Programmer#64]
2019-05-20 17:06:15.555 DEBUG 5444 --- [http-nio-8080-exec-7] o.h.engine.internal.TwoPhaseLoad         : Resolving associations for [MateAcad.HomeWork20MVC.entities.Programmer#65]
2019-05-20 17:06:15.555 DEBUG 5444 --- [http-nio-8080-exec-7] o.h.engine.internal.TwoPhaseLoad         : Done materializing entity [MateAcad.HomeWork20MVC.entities.Programmer#65]
2019-05-20 17:06:15.555 DEBUG 5444 --- [http-nio-8080-exec-7] o.h.engine.internal.TwoPhaseLoad         : Resolving associations for [MateAcad.HomeWork20MVC.entities.Programmer#66]
2019-05-20 17:06:15.555 DEBUG 5444 --- [http-nio-8080-exec-7] o.h.engine.internal.TwoPhaseLoad         : Done materializing entity [MateAcad.HomeWork20MVC.entities.Programmer#66]
2019-05-20 17:06:15.555 DEBUG 5444 --- [http-nio-8080-exec-7] o.h.engine.internal.TwoPhaseLoad         : Resolving associations for [MateAcad.HomeWork20MVC.entities.Programmer#68]
2019-05-20 17:06:15.555 DEBUG 5444 --- [http-nio-8080-exec-7] o.h.engine.internal.TwoPhaseLoad         : Done materializing entity [MateAcad.HomeWork20MVC.entities.Programmer#68]
2019-05-20 17:06:15.556 DEBUG 5444 --- [http-nio-8080-exec-7] o.h.engine.internal.TwoPhaseLoad         : Resolving associations for [MateAcad.HomeWork20MVC.entities.Programmer#69]
2019-05-20 17:06:15.556 DEBUG 5444 --- [http-nio-8080-exec-7] o.h.engine.internal.TwoPhaseLoad         : Done materializing entity [MateAcad.HomeWork20MVC.entities.Programmer#69]
2019-05-20 17:06:15.556 DEBUG 5444 --- [http-nio-8080-exec-7] o.h.e.t.internal.TransactionImpl         : committing
2019-05-20 17:06:15.558  INFO 5444 --- [http-nio-8080-exec-7] M.H.interceptors.ProgrammerInterceptor   : PostHandle intercepted
2019-05-20 17:06:15.569  INFO 5444 --- [http-nio-8080-exec-7] M.H.interceptors.ProgrammerInterceptor   : afterCompletion message
2019-05-20 17:06:15.597  INFO 5444 --- [http-nio-8080-exec-8] M.H.interceptors.ProgrammerInterceptor   : PreHandle intercepted
2019-05-20 17:06:15.602  INFO 5444 --- [http-nio-8080-exec-8] M.H.interceptors.ProgrammerInterceptor   : PostHandle intercepted
2019-05-20 17:06:15.602  INFO 5444 --- [http-nio-8080-exec-8] M.H.interceptors.ProgrammerInterceptor   : afterCompletion message
2019-05-20 17:07:03.003  INFO 5444 --- [Thread-8] o.s.s.concurrent.ThreadPoolTaskExecutor  : Shutting down ExecutorService 'applicationTaskExecutor'
2019-05-20 17:07:03.004  INFO 5444 --- [Thread-8] j.LocalContainerEntityManagerFactoryBean : Closing JPA EntityManagerFactory for persistence unit 'default'
2019-05-20 17:07:03.004 DEBUG 5444 --- [Thread-8] o.hibernate.internal.SessionFactoryImpl  : HHH000031: Closing
2019-05-20 17:07:03.004 DEBUG 5444 --- [Thread-8] o.h.type.spi.TypeConfiguration$Scope     : Un-scoping TypeConfiguration [org.hibernate.type.spi.TypeConfiguration$Scope@452aa7bd] from SessionFactory [org.hibernate.internal.SessionFactoryImpl@79f2d3ed]
2019-05-20 17:07:03.005 DEBUG 5444 --- [Thread-8] o.h.s.i.AbstractServiceRegistryImpl      : Implicitly destroying ServiceRegistry on de-registration of all child ServiceRegistries
2019-05-20 17:07:03.005 DEBUG 5444 --- [Thread-8] o.h.b.r.i.BootstrapServiceRegistryImpl   : Implicitly destroying Boot-strap registry on de-registration of all child ServiceRegistries
2019-05-20 17:07:03.007  INFO 5444 --- [Thread-8] com.zaxxer.hikari.HikariDataSource       : HikariPool-1 - Shutdown initiated...
2019-05-20 17:07:03.011  INFO 5444 --- [Thread-8] com.zaxxer.hikari.HikariDataSource       : HikariPool-1 - Shutdown completed.
